#
# There is insufficient memory for the Java Runtime Environment to continue.
# Native memory allocation (malloc) failed to allocate 173376 bytes. Error detail: Chunk::new
# Possible reasons:
#   The system is out of physical RAM or swap space
#   This process is running with CompressedOops enabled, and the Java Heap may be blocking the growth of the native heap
# Possible solutions:
#   Reduce memory load on the system
#   Increase physical memory or swap space
#   Check if swap backing store is full
#   Decrease Java heap size (-Xmx/-Xms)
#   Decrease number of Java threads
#   Decrease Java thread stack sizes (-Xss)
#   Set larger code cache with -XX:ReservedCodeCacheSize=
#   JVM is running with Unscaled Compressed Oops mode in which the Java heap is
#     placed in the first 4GB address space. The Java Heap base address is the
#     maximum limit for the native heap growth. Please use -XX:HeapBaseMinAddress
#     to set the Java Heap base and to place the Java Heap above 4GB virtual address.
# This output file may be truncated or incomplete.
#
#  Out of Memory Error (arena.cpp:168), pid=22536, tid=24376
#
# JRE version: OpenJDK Runtime Environment Temurin-21.0.9+10 (21.0.9+10) (build 21.0.9+10-LTS)
# Java VM: OpenJDK 64-Bit Server VM Temurin-21.0.9+10 (21.0.9+10-LTS, mixed mode, sharing, tiered, compressed oops, compressed class ptrs, parallel gc, windows-amd64)
# No core dump will be written. Minidumps are not enabled by default on client versions of Windows
#

---------------  S U M M A R Y ------------

Command Line: --add-modules=ALL-SYSTEM --add-opens=java.base/java.util=ALL-UNNAMED --add-opens=java.base/java.lang=ALL-UNNAMED --add-opens=java.base/sun.nio.fs=ALL-UNNAMED -Declipse.application=org.eclipse.jdt.ls.core.id1 -Dosgi.bundles.defaultStartLevel=4 -Declipse.product=org.eclipse.jdt.ls.core.product -Djava.import.generatesMetadataFilesAtProjectRoot=false -DDetectVMInstallationsJob.disabled=true -Dfile.encoding=utf8 -XX:+UseParallelGC -XX:GCTimeRatio=4 -XX:AdaptiveSizePolicyWeight=90 -Dsun.zip.disableMemoryMapping=true -Xmx2G -Xms100m -Xlog:disable -javaagent:c:\Users\loza\.vscode\extensions\redhat.java-1.50.0-win32-x64\lombok\lombok-1.18.39-4050.jar c:\Users\loza\.vscode\extensions\redhat.java-1.50.0-win32-x64\server\plugins\org.eclipse.equinox.launcher_1.7.100.v20251111-0406.jar -configuration c:\Users\loza\AppData\Roaming\Code\User\globalStorage\redhat.java\1.50.0\config_ss_win -data c:\Users\loza\AppData\Roaming\Code\User\workspaceStorage\3637fff4ba3b7a94341d335a16c2c5cf\redhat.java\ss_ws --pipe=\\.\pipe\lsp-7b4765bc0d8b23ac3cfabe475456a9b1-sock

Host: Intel(R) Core(TM) i7-8650U CPU @ 1.90GHz, 8 cores, 15G,  Windows 11 , 64 bit Build 26100 (10.0.26100.7019)
Time: Wed Dec 10 14:17:05 2025 E. Africa Standard Time elapsed time: 32.501601 seconds (0d 0h 0m 32s)

---------------  T H R E A D  ---------------

Current thread (0x000001d160eabeb0):  JavaThread "C2 CompilerThread0" daemon [_thread_in_native, id=24376, stack(0x0000005d28900000,0x0000005d28a00000) (1024K)]


Current CompileTask:
C2:32501 2522   !   4       java.util.concurrent.ConcurrentHashMap::transfer (849 bytes)

Stack: [0x0000005d28900000,0x0000005d28a00000]
Native frames: (J=compiled Java code, j=interpreted, Vv=VM code, C=native code)
V  [jvm.dll+0x6d6e29]
V  [jvm.dll+0x8b4b76]
V  [jvm.dll+0x8b712e]
V  [jvm.dll+0x8b7813]
V  [jvm.dll+0x283d86]
V  [jvm.dll+0xc66ed]
V  [jvm.dll+0xc6c31]
V  [jvm.dll+0x3be53b]
V  [jvm.dll+0x38ab92]
V  [jvm.dll+0x389fda]
V  [jvm.dll+0x24bfa0]
V  [jvm.dll+0x24b580]
V  [jvm.dll+0x1cb13e]
V  [jvm.dll+0x25b29d]
V  [jvm.dll+0x25982a]
V  [jvm.dll+0x3f7ea6]
V  [jvm.dll+0x85e9ad]
V  [jvm.dll+0x6d565d]
C  [ucrtbase.dll+0x37b0]
C  [KERNEL32.DLL+0x2e8d7]
C  [ntdll.dll+0x8c53c]


---------------  P R O C E S S  ---------------

Threads class SMR info:
_java_thread_list=0x000001d1679e3e60, length=17, elements={
0x000001d14a42f8e0, 0x000001d14a4ebcd0, 0x000001d14a4ee2a0, 0x000001d160ea8950,
0x000001d160ea57d0, 0x000001d160ea65a0, 0x000001d160eab3b0, 0x000001d160eabeb0,
0x000001d160ed81b0, 0x000001d162946a30, 0x000001d162a6bd30, 0x000001d167552350,
0x000001d16747fd80, 0x000001d1674803e0, 0x000001d1627d4ef0, 0x000001d16792ae90,
0x000001d16740b8c0
}

Java Threads: ( => current thread )
  0x000001d14a42f8e0 JavaThread "main"                              [_thread_blocked, id=21516, stack(0x0000005d27f00000,0x0000005d28000000) (1024K)]
  0x000001d14a4ebcd0 JavaThread "Reference Handler"          daemon [_thread_blocked, id=13500, stack(0x0000005d28300000,0x0000005d28400000) (1024K)]
  0x000001d14a4ee2a0 JavaThread "Finalizer"                  daemon [_thread_blocked, id=2480, stack(0x0000005d28400000,0x0000005d28500000) (1024K)]
  0x000001d160ea8950 JavaThread "Signal Dispatcher"          daemon [_thread_blocked, id=24024, stack(0x0000005d28500000,0x0000005d28600000) (1024K)]
  0x000001d160ea57d0 JavaThread "Attach Listener"            daemon [_thread_blocked, id=22100, stack(0x0000005d28600000,0x0000005d28700000) (1024K)]
  0x000001d160ea65a0 JavaThread "Service Thread"             daemon [_thread_blocked, id=24464, stack(0x0000005d28700000,0x0000005d28800000) (1024K)]
  0x000001d160eab3b0 JavaThread "Monitor Deflation Thread"   daemon [_thread_blocked, id=23240, stack(0x0000005d28800000,0x0000005d28900000) (1024K)]
=>0x000001d160eabeb0 JavaThread "C2 CompilerThread0"         daemon [_thread_in_native, id=24376, stack(0x0000005d28900000,0x0000005d28a00000) (1024K)]
  0x000001d160ed81b0 JavaThread "C1 CompilerThread0"         daemon [_thread_blocked, id=13528, stack(0x0000005d28a00000,0x0000005d28b00000) (1024K)]
  0x000001d162946a30 JavaThread "Common-Cleaner"             daemon [_thread_blocked, id=15656, stack(0x0000005d28b00000,0x0000005d28c00000) (1024K)]
  0x000001d162a6bd30 JavaThread "Notification Thread"        daemon [_thread_blocked, id=23256, stack(0x0000005d28c00000,0x0000005d28d00000) (1024K)]
  0x000001d167552350 JavaThread "Active Thread: Equinox Container: 6a05b5a2-a40d-420f-a333-c988415647a0"        [_thread_blocked, id=9328, stack(0x0000005d29300000,0x0000005d29400000) (1024K)]
  0x000001d16747fd80 JavaThread "Framework Event Dispatcher: Equinox Container: 6a05b5a2-a40d-420f-a333-c988415647a0" daemon [_thread_blocked, id=10984, stack(0x0000005d29400000,0x0000005d29500000) (1024K)]
  0x000001d1674803e0 JavaThread "Start Level: Equinox Container: 6a05b5a2-a40d-420f-a333-c988415647a0" daemon [_thread_in_vm, id=11184, stack(0x0000005d29500000,0x0000005d29600000) (1024K)]
  0x000001d1627d4ef0 JavaThread "SCR Component Actor"        daemon [_thread_blocked, id=5924, stack(0x0000005d29700000,0x0000005d29800000) (1024K)]
  0x000001d16792ae90 JavaThread "Worker-JM"                         [_thread_blocked, id=12324, stack(0x0000005d29800000,0x0000005d29900000) (1024K)]
  0x000001d16740b8c0 JavaThread "JNA Cleaner"                daemon [_thread_blocked, id=11172, stack(0x0000005d27c00000,0x0000005d27d00000) (1024K)]
Total: 17

Other Threads:
  0x000001d14a4d0f10 VMThread "VM Thread"                           [id=21992, stack(0x0000005d28200000,0x0000005d28300000) (1024K)]
  0x000001d14a499bc0 WatcherThread "VM Periodic Task Thread"        [id=14000, stack(0x0000005d28100000,0x0000005d28200000) (1024K)]
  0x000001d14a44cec0 WorkerThread "GC Thread#0"                     [id=21512, stack(0x0000005d28000000,0x0000005d28100000) (1024K)]
  0x000001d1674350e0 WorkerThread "GC Thread#1"                     [id=1700, stack(0x0000005d28d00000,0x0000005d28e00000) (1024K)]
  0x000001d1674ba990 WorkerThread "GC Thread#2"                     [id=23756, stack(0x0000005d28e00000,0x0000005d28f00000) (1024K)]
  0x000001d16717da40 WorkerThread "GC Thread#3"                     [id=2660, stack(0x0000005d28f00000,0x0000005d29000000) (1024K)]
  0x000001d16717ff60 WorkerThread "GC Thread#4"                     [id=3176, stack(0x0000005d29000000,0x0000005d29100000) (1024K)]
  0x000001d167180300 WorkerThread "GC Thread#5"                     [id=24304, stack(0x0000005d29100000,0x0000005d29200000) (1024K)]
  0x000001d1671806a0 WorkerThread "GC Thread#6"                     [id=24388, stack(0x0000005d29200000,0x0000005d29300000) (1024K)]
  0x000001d167392c60 WorkerThread "GC Thread#7"                     [id=4040, stack(0x0000005d29600000,0x0000005d29700000) (1024K)]
Total: 10

Threads with active compile tasks:
C2 CompilerThread0  32573 2522   !   4       java.util.concurrent.ConcurrentHashMap::transfer (849 bytes)
Total: 1

VM state: not at safepoint (normal execution)

VM Mutex/Monitor currently owned by a thread: None

Heap address: 0x0000000080000000, size: 2048 MB, Compressed Oops mode: 32-bit

CDS archive(s) mapped at: [0x000001d100000000-0x000001d100ba0000-0x000001d100ba0000), size 12189696, SharedBaseAddress: 0x000001d100000000, ArchiveRelocationMode: 1.
Compressed class space mapped at: 0x000001d101000000-0x000001d141000000, reserved size: 1073741824
Narrow klass base: 0x000001d100000000, Narrow klass shift: 0, Narrow klass range: 0x100000000

GC Precious Log:
 CardTable entry size: 512
 CPUs: 8 total, 8 available
 Memory: 15747M
 Large Page Support: Disabled
 NUMA Support: Disabled
 Compressed Oops: Enabled (32-bit)
 Alignments: Space 512K, Generation 512K, Heap 2M
 Heap Min Capacity: 100M
 Heap Initial Capacity: 100M
 Heap Max Capacity: 2G
 Pre-touch: Disabled
 Parallel Workers: 8

Heap:
 PSYoungGen      total 29696K, used 19842K [0x00000000d5580000, 0x00000000d7680000, 0x0000000100000000)
  eden space 25600K, 61% used [0x00000000d5580000,0x00000000d64e2fd8,0x00000000d6e80000)
  from space 4096K, 99% used [0x00000000d6e80000,0x00000000d727dab0,0x00000000d7280000)
  to   space 4096K, 0% used [0x00000000d7280000,0x00000000d7280000,0x00000000d7680000)
 ParOldGen       total 68608K, used 2810K [0x0000000080000000, 0x0000000084300000, 0x00000000d5580000)
  object space 68608K, 4% used [0x0000000080000000,0x00000000802beb90,0x0000000084300000)
 Metaspace       used 15577K, committed 16192K, reserved 1114112K
  class space    used 1659K, committed 1920K, reserved 1048576K

Card table byte_map: [0x000001d149dd0000,0x000001d14a1e0000] _byte_map_base: 0x000001d1499d0000

Marking Bits: (ParMarkBitMap*) 0x00007ffece912460
 Begin Bits: [0x000001d15c8e0000, 0x000001d15e8e0000)
 End Bits:   [0x000001d15e8e0000, 0x000001d1608e0000)

Polling page: 0x000001d148460000

Metaspace:

Usage:
  Non-class:     13.59 MB used.
      Class:      1.62 MB used.
       Both:     15.21 MB used.

Virtual space:
  Non-class space:       64.00 MB reserved,      13.94 MB ( 22%) committed,  1 nodes.
      Class space:        1.00 GB reserved,       1.88 MB ( <1%) committed,  1 nodes.
             Both:        1.06 GB reserved,      15.81 MB (  1%) committed. 

Chunk freelists:
   Non-Class:  1.57 MB
       Class:  13.94 MB
        Both:  15.51 MB

MaxMetaspaceSize: unlimited
CompressedClassSpaceSize: 1.00 GB
Initial GC threshold: 21.00 MB
Current GC threshold: 21.00 MB
CDS: on
 - commit_granule_bytes: 65536.
 - commit_granule_words: 8192.
 - virtual_space_node_default_size: 8388608.
 - enlarge_chunks_in_place: 1.
 - use_allocation_guard: 0.


Internal statistics:

num_allocs_failed_limit: 0.
num_arena_births: 458.
num_arena_deaths: 0.
num_vsnodes_births: 2.
num_vsnodes_deaths: 0.
num_space_committed: 253.
num_space_uncommitted: 0.
num_chunks_returned_to_freelist: 0.
num_chunks_taken_from_freelist: 1019.
num_chunk_merges: 0.
num_chunk_splits: 642.
num_chunks_enlarged: 401.
num_inconsistent_stats: 0.

CodeHeap 'non-profiled nmethods': size=120000Kb used=1089Kb max_used=1089Kb free=118910Kb
 bounds [0x000001d155100000, 0x000001d155370000, 0x000001d15c630000]
CodeHeap 'profiled nmethods': size=120000Kb used=4797Kb max_used=4797Kb free=115202Kb
 bounds [0x000001d14d630000, 0x000001d14dae0000, 0x000001d154b60000]
CodeHeap 'non-nmethods': size=5760Kb used=1270Kb max_used=1286Kb free=4489Kb
 bounds [0x000001d154b60000, 0x000001d154dd0000, 0x000001d155100000]
CodeCache: size=245760Kb, used=7156Kb, max_used=7172Kb, free=238601Kb
 total_blobs=3080, nmethods=2534, adapters=452, full_count=0
Compilation: enabled, stopped_count=0, restarted_count=0

Compilation events (20 events):
Event: 32.477 Thread 0x000001d160ed81b0 nmethod 2518 0x000001d14dad6910 code [0x000001d14dad6c00, 0x000001d14dad8078]
Event: 32.480 Thread 0x000001d160ed81b0 2519       3       java.lang.Short::<init> (10 bytes)
Event: 32.480 Thread 0x000001d160ed81b0 nmethod 2519 0x000001d14dad8690 code [0x000001d14dad8840, 0x000001d14dad8a08]
Event: 32.482 Thread 0x000001d160ed81b0 2520       3       java.lang.Class::reflectionData (43 bytes)
Event: 32.482 Thread 0x000001d160ed81b0 nmethod 2520 0x000001d14dad8b10 code [0x000001d14dad8ce0, 0x000001d14dad90d8]
Event: 32.482 Thread 0x000001d160ed81b0 2521       3       java.util.concurrent.locks.ReentrantReadWriteLock$ReadLock::lock (9 bytes)
Event: 32.482 Thread 0x000001d160ed81b0 nmethod 2521 0x000001d14dad9210 code [0x000001d14dad93c0, 0x000001d14dad9508]
Event: 32.483 Thread 0x000001d160eabeb0 2522   !   4       java.util.concurrent.ConcurrentHashMap::transfer (849 bytes)
Event: 32.485 Thread 0x000001d160ed81b0 2523       3       java.lang.reflect.Field::set (43 bytes)
Event: 32.485 Thread 0x000001d160ed81b0 nmethod 2523 0x000001d14dad9610 code [0x000001d14dad9840, 0x000001d14dad9da8]
Event: 32.485 Thread 0x000001d160ed81b0 2525       3       jdk.internal.reflect.MethodHandleFieldAccessorImpl::isReadOnly (16 bytes)
Event: 32.486 Thread 0x000001d160ed81b0 nmethod 2525 0x000001d14dad9f90 code [0x000001d14dada120, 0x000001d14dada288]
Event: 32.486 Thread 0x000001d160ed81b0 2524       3       jdk.internal.reflect.MethodHandleFieldAccessorImpl::ensureObj (30 bytes)
Event: 32.486 Thread 0x000001d160ed81b0 nmethod 2524 0x000001d14dada310 code [0x000001d14dada520, 0x000001d14dadaaf0]
Event: 32.486 Thread 0x000001d160ed81b0 2526   !   3       jdk.internal.reflect.MethodHandleObjectFieldAccessorImpl::set (70 bytes)
Event: 32.489 Thread 0x000001d160ed81b0 nmethod 2526 0x000001d14dadad10 code [0x000001d14dadb0c0, 0x000001d14dadcc68]
Event: 32.489 Thread 0x000001d160ed81b0 2527       3       java.lang.Class::arrayContentsEq (70 bytes)
Event: 32.490 Thread 0x000001d160ed81b0 nmethod 2527 0x000001d14dadd710 code [0x000001d14dadd900, 0x000001d14daddd28]
Event: 32.490 Thread 0x000001d160ed81b0 2528       1       java.util.concurrent.locks.ReentrantReadWriteLock::writeLock (5 bytes)
Event: 32.490 Thread 0x000001d160ed81b0 nmethod 2528 0x000001d15520f610 code [0x000001d15520f7a0, 0x000001d15520f868]

GC Heap History (6 events):
Event: 3.439 GC heap before
{Heap before GC invocations=1 (full 0):
 PSYoungGen      total 29696K, used 25600K [0x00000000d5580000, 0x00000000d7680000, 0x0000000100000000)
  eden space 25600K, 100% used [0x00000000d5580000,0x00000000d6e80000,0x00000000d6e80000)
  from space 4096K, 0% used [0x00000000d7280000,0x00000000d7280000,0x00000000d7680000)
  to   space 4096K, 0% used [0x00000000d6e80000,0x00000000d6e80000,0x00000000d7280000)
 ParOldGen       total 68608K, used 0K [0x0000000080000000, 0x0000000084300000, 0x00000000d5580000)
  object space 68608K, 0% used [0x0000000080000000,0x0000000080000000,0x0000000084300000)
 Metaspace       used 4354K, committed 4608K, reserved 1114112K
  class space    used 473K, committed 576K, reserved 1048576K
}
Event: 3.459 GC heap after
{Heap after GC invocations=1 (full 0):
 PSYoungGen      total 29696K, used 3303K [0x00000000d5580000, 0x00000000d7680000, 0x0000000100000000)
  eden space 25600K, 0% used [0x00000000d5580000,0x00000000d5580000,0x00000000d6e80000)
  from space 4096K, 80% used [0x00000000d6e80000,0x00000000d71b9e98,0x00000000d7280000)
  to   space 4096K, 0% used [0x00000000d7280000,0x00000000d7280000,0x00000000d7680000)
 ParOldGen       total 68608K, used 0K [0x0000000080000000, 0x0000000084300000, 0x00000000d5580000)
  object space 68608K, 0% used [0x0000000080000000,0x0000000080000000,0x0000000084300000)
 Metaspace       used 4354K, committed 4608K, reserved 1114112K
  class space    used 473K, committed 576K, reserved 1048576K
}
Event: 26.744 GC heap before
{Heap before GC invocations=2 (full 0):
 PSYoungGen      total 29696K, used 28903K [0x00000000d5580000, 0x00000000d7680000, 0x0000000100000000)
  eden space 25600K, 100% used [0x00000000d5580000,0x00000000d6e80000,0x00000000d6e80000)
  from space 4096K, 80% used [0x00000000d6e80000,0x00000000d71b9e98,0x00000000d7280000)
  to   space 4096K, 0% used [0x00000000d7280000,0x00000000d7280000,0x00000000d7680000)
 ParOldGen       total 68608K, used 0K [0x0000000080000000, 0x0000000084300000, 0x00000000d5580000)
  object space 68608K, 0% used [0x0000000080000000,0x0000000080000000,0x0000000084300000)
 Metaspace       used 8335K, committed 8640K, reserved 1114112K
  class space    used 885K, committed 1024K, reserved 1048576K
}
Event: 26.756 GC heap after
{Heap after GC invocations=2 (full 0):
 PSYoungGen      total 29696K, used 4091K [0x00000000d5580000, 0x00000000d7680000, 0x0000000100000000)
  eden space 25600K, 0% used [0x00000000d5580000,0x00000000d5580000,0x00000000d6e80000)
  from space 4096K, 99% used [0x00000000d7280000,0x00000000d767efe8,0x00000000d7680000)
  to   space 4096K, 0% used [0x00000000d6e80000,0x00000000d6e80000,0x00000000d7280000)
 ParOldGen       total 68608K, used 895K [0x0000000080000000, 0x0000000084300000, 0x00000000d5580000)
  object space 68608K, 1% used [0x0000000080000000,0x00000000800dfe98,0x0000000084300000)
 Metaspace       used 8335K, committed 8640K, reserved 1114112K
  class space    used 885K, committed 1024K, reserved 1048576K
}
Event: 30.106 GC heap before
{Heap before GC invocations=3 (full 0):
 PSYoungGen      total 29696K, used 29691K [0x00000000d5580000, 0x00000000d7680000, 0x0000000100000000)
  eden space 25600K, 100% used [0x00000000d5580000,0x00000000d6e80000,0x00000000d6e80000)
  from space 4096K, 99% used [0x00000000d7280000,0x00000000d767efe8,0x00000000d7680000)
  to   space 4096K, 0% used [0x00000000d6e80000,0x00000000d6e80000,0x00000000d7280000)
 ParOldGen       total 68608K, used 895K [0x0000000080000000, 0x0000000084300000, 0x00000000d5580000)
  object space 68608K, 1% used [0x0000000080000000,0x00000000800dfe98,0x0000000084300000)
 Metaspace       used 13097K, committed 13632K, reserved 1114112K
  class space    used 1386K, committed 1600K, reserved 1048576K
}
Event: 30.114 GC heap after
{Heap after GC invocations=3 (full 0):
 PSYoungGen      total 29696K, used 4086K [0x00000000d5580000, 0x00000000d7680000, 0x0000000100000000)
  eden space 25600K, 0% used [0x00000000d5580000,0x00000000d5580000,0x00000000d6e80000)
  from space 4096K, 99% used [0x00000000d6e80000,0x00000000d727dab0,0x00000000d7280000)
  to   space 4096K, 0% used [0x00000000d7280000,0x00000000d7280000,0x00000000d7680000)
 ParOldGen       total 68608K, used 2810K [0x0000000080000000, 0x0000000084300000, 0x00000000d5580000)
  object space 68608K, 4% used [0x0000000080000000,0x00000000802beb90,0x0000000084300000)
 Metaspace       used 13097K, committed 13632K, reserved 1114112K
  class space    used 1386K, committed 1600K, reserved 1048576K
}

Dll operation events (10 events):
Event: 0.277 Loaded shared library c:\Users\loza\.vscode\extensions\redhat.java-1.50.0-win32-x64\jre\21.0.9-win32-x86_64\bin\java.dll
Event: 0.491 Loaded shared library c:\Users\loza\.vscode\extensions\redhat.java-1.50.0-win32-x64\jre\21.0.9-win32-x86_64\bin\zip.dll
Event: 0.637 Loaded shared library C:\Users\loza\.vscode\extensions\redhat.java-1.50.0-win32-x64\jre\21.0.9-win32-x86_64\bin\instrument.dll
Event: 0.649 Loaded shared library C:\Users\loza\.vscode\extensions\redhat.java-1.50.0-win32-x64\jre\21.0.9-win32-x86_64\bin\net.dll
Event: 0.656 Loaded shared library C:\Users\loza\.vscode\extensions\redhat.java-1.50.0-win32-x64\jre\21.0.9-win32-x86_64\bin\nio.dll
Event: 0.664 Loaded shared library C:\Users\loza\.vscode\extensions\redhat.java-1.50.0-win32-x64\jre\21.0.9-win32-x86_64\bin\zip.dll
Event: 0.711 Loaded shared library C:\Users\loza\.vscode\extensions\redhat.java-1.50.0-win32-x64\jre\21.0.9-win32-x86_64\bin\jimage.dll
Event: 1.207 Loaded shared library c:\Users\loza\.vscode\extensions\redhat.java-1.50.0-win32-x64\jre\21.0.9-win32-x86_64\bin\verify.dll
Event: 26.834 Loaded shared library C:\Users\loza\AppData\Roaming\Code\User\globalStorage\redhat.java\1.50.0\config_ss_win\org.eclipse.equinox.launcher\org.eclipse.equinox.launcher.win32.win32.x86_64_1.2.1400.v20250801-0854\eclipse_11916.dll
Event: 32.364 Loaded shared library C:\Users\loza\AppData\Local\Temp\jna-3327978\jna17660784073265269564.dll

Deoptimization events (20 events):
Event: 31.503 Thread 0x000001d1674803e0 Uncommon trap: trap_request=0xffffff45 fr.pc=0x000001d1551803bc relative=0x00000000000005fc
Event: 31.503 Thread 0x000001d1674803e0 Uncommon trap: reason=unstable_if action=reinterpret pc=0x000001d1551803bc method=java.io.BufferedInputStream.implRead([BII)I @ 55 c2
Event: 31.503 Thread 0x000001d1674803e0 DEOPT PACKING pc=0x000001d1551803bc sp=0x0000005d295f92e0
Event: 31.503 Thread 0x000001d1674803e0 DEOPT UNPACKING pc=0x000001d154bb3aa2 sp=0x0000005d295f92b8 mode 2
Event: 31.561 Thread 0x000001d1674803e0 Uncommon trap: trap_request=0xffffff45 fr.pc=0x000001d1551f7064 relative=0x0000000000001004
Event: 31.561 Thread 0x000001d1674803e0 Uncommon trap: reason=unstable_if action=reinterpret pc=0x000001d1551f7064 method=java.util.Properties$LineReader.readLine()I @ 256 c2
Event: 31.561 Thread 0x000001d1674803e0 DEOPT PACKING pc=0x000001d1551f7064 sp=0x0000005d295f75b0
Event: 31.561 Thread 0x000001d1674803e0 DEOPT UNPACKING pc=0x000001d154bb3aa2 sp=0x0000005d295f7548 mode 2
Event: 31.637 Thread 0x000001d1674803e0 Uncommon trap: trap_request=0xffffff45 fr.pc=0x000001d155137708 relative=0x00000000000006e8
Event: 31.637 Thread 0x000001d1674803e0 Uncommon trap: reason=unstable_if action=reinterpret pc=0x000001d155137708 method=java.lang.String.replace(Ljava/lang/CharSequence;Ljava/lang/CharSequence;)Ljava/lang/String; @ 42 c2
Event: 31.637 Thread 0x000001d1674803e0 DEOPT PACKING pc=0x000001d155137708 sp=0x0000005d295f7ba0
Event: 31.637 Thread 0x000001d1674803e0 DEOPT UNPACKING pc=0x000001d154bb3aa2 sp=0x0000005d295f7b20 mode 2
Event: 32.051 Thread 0x000001d1674803e0 DEOPT PACKING pc=0x000001d14dabdab9 sp=0x0000005d295f65d0
Event: 32.051 Thread 0x000001d1674803e0 DEOPT UNPACKING pc=0x000001d154bb4242 sp=0x0000005d295f5a68 mode 0
Event: 32.482 Thread 0x000001d1674803e0 Uncommon trap: trap_request=0xffffffc6 fr.pc=0x000001d1551b32f8 relative=0x0000000000000a78
Event: 32.482 Thread 0x000001d1674803e0 Uncommon trap: reason=bimorphic_or_optimized_type_check action=maybe_recompile pc=0x000001d1551b32f8 method=java.util.HashMap.putVal(ILjava/lang/Object;Ljava/lang/Object;ZZ)Ljava/lang/Object; @ 91 c2
Event: 32.482 Thread 0x000001d1674803e0 DEOPT PACKING pc=0x000001d1551b32f8 sp=0x0000005d295f8220
Event: 32.482 Thread 0x000001d1674803e0 DEOPT UNPACKING pc=0x000001d154bb3aa2 sp=0x0000005d295f8148 mode 2
Event: 32.483 Thread 0x000001d1674803e0 DEOPT PACKING pc=0x000001d14d9d1fb5 sp=0x0000005d295f76d0
Event: 32.483 Thread 0x000001d1674803e0 DEOPT UNPACKING pc=0x000001d154bb4242 sp=0x0000005d295f6bf8 mode 0

Classes loaded (20 events):
Event: 32.366 Loading class java/nio/FloatBuffer
Event: 32.366 Loading class java/nio/FloatBuffer done
Event: 32.366 Loading class java/nio/DoubleBuffer
Event: 32.367 Loading class java/nio/DoubleBuffer done
Event: 32.368 Loading class jdk/internal/loader/NativeLibraries$Unloader
Event: 32.370 Loading class jdk/internal/loader/NativeLibraries$Unloader done
Event: 32.400 Loading class java/lang/annotation/Documented
Event: 32.400 Loading class java/lang/annotation/Documented done
Event: 32.404 Loading class java/lang/reflect/UndeclaredThrowableException
Event: 32.404 Loading class java/lang/reflect/UndeclaredThrowableException done
Event: 32.405 Loading class java/lang/Class$AnnotationData
Event: 32.405 Loading class java/lang/Class$AnnotationData done
Event: 32.407 Loading class jdk/internal/reflect/MethodHandleIntegerFieldAccessorImpl
Event: 32.407 Loading class jdk/internal/reflect/MethodHandleIntegerFieldAccessorImpl done
Event: 32.447 Loading class java/io/PrintWriter
Event: 32.450 Loading class java/io/PrintWriter done
Event: 32.477 Loading class jdk/internal/reflect/MethodHandleShortFieldAccessorImpl
Event: 32.479 Loading class jdk/internal/reflect/MethodHandleShortFieldAccessorImpl done
Event: 32.479 Loading class java/lang/Short$ShortCache
Event: 32.480 Loading class java/lang/Short$ShortCache done

Classes unloaded (0 events):
No events

Classes redefined (0 events):
No events

Internal exceptions (20 events):
Event: 26.872 Thread 0x000001d1674803e0 Exception <a 'java/lang/NullPointerException'{0x00000000d56edcb0}> (0x00000000d56edcb0) 
thrown [s\src\hotspot\share\interpreter\linkResolver.cpp, line 1372]
Event: 27.827 Thread 0x000001d1674803e0 Exception <a 'java/lang/NoSuchMethodError'{0x00000000d5ff9b58}: 'long java.lang.invoke.DirectMethodHandle$Holder.invokeSpecial(java.lang.Object, java.lang.Object)'> (0x00000000d5ff9b58) 
thrown [s\src\hotspot\share\interpreter\linkResolver.cpp, line 773]
Event: 28.171 Thread 0x000001d1674803e0 Exception <a 'java/io/FileNotFoundException'{0x00000000d61be4f0}> (0x00000000d61be4f0) 
thrown [s\src\hotspot\share\prims\jni.cpp, line 520]
Event: 28.952 Thread 0x000001d1674803e0 Exception <a 'java/lang/NoSuchMethodError'{0x00000000d64ddea0}: 'java.lang.Object java.lang.invoke.Invokers$Holder.linkToTargetMethod(java.lang.Object, long, java.lang.Object)'> (0x00000000d64ddea0) 
thrown [s\src\hotspot\share\interpreter\linkResolver.cpp, line 773]
Event: 29.482 Thread 0x000001d1674803e0 Exception <a 'java/lang/NoSuchMethodError'{0x00000000d687d470}: 'void java.lang.invoke.DirectMethodHandle$Holder.invokeInterface(java.lang.Object, java.lang.Object, java.lang.Object)'> (0x00000000d687d470) 
thrown [s\src\hotspot\share\interpreter\linkResolver.cpp, line 773]
Event: 29.607 Thread 0x000001d1674803e0 Exception <a 'java/lang/NoSuchMethodError'{0x00000000d6a8e720}: 'void java.lang.invoke.Invokers$Holder.invokeExact_MT(java.lang.Object, java.lang.Object, java.lang.Object)'> (0x00000000d6a8e720) 
thrown [s\src\hotspot\share\interpreter\linkResolver.cpp, line 773]
Event: 29.967 Thread 0x000001d1674803e0 Exception <a 'java/lang/NoSuchMethodError'{0x00000000d6d5c948}: 'java.lang.Object java.lang.invoke.DirectMethodHandle$Holder.invokeVirtual(java.lang.Object, java.lang.Object, java.lang.Object)'> (0x00000000d6d5c948) 
thrown [s\src\hotspot\share\interpreter\linkResolver.cpp, line 773]
Event: 29.978 Thread 0x000001d1674803e0 Exception <a 'java/lang/NoSuchMethodError'{0x00000000d6d75110}: 'java.lang.Object java.lang.invoke.DelegatingMethodHandle$Holder.reinvoke_L(java.lang.Object, java.lang.Object, java.lang.Object, java.lang.Object, int, int)'> (0x00000000d6d75110) 
thrown [s\src\hotspot\share\interpreter\linkResolver.cpp, line 773]
Event: 29.988 Thread 0x000001d1674803e0 Exception <a 'java/lang/NoSuchMethodError'{0x00000000d6d91d18}: 'java.lang.Object java.lang.invoke.DirectMethodHandle$Holder.newInvokeSpecial(java.lang.Object, java.lang.Object, java.lang.Object, java.lang.Object, java.lang.Object, java.lang.Object)'> (0x00000000d6d91d18) 
thrown [s\src\hotspot\share\interpreter\linkResolver.cpp, line 773]
Event: 30.001 Thread 0x000001d1674803e0 Exception <a 'java/lang/NoSuchMethodError'{0x00000000d6dae3b0}: 'void java.lang.invoke.Invokers$Holder.invokeExact_MT(java.lang.Object, java.lang.Object, java.lang.Object, java.lang.Object)'> (0x00000000d6dae3b0) 
thrown [s\src\hotspot\share\interpreter\linkResolver.cpp, line 773]
Event: 30.481 Thread 0x000001d1674803e0 Exception <a 'java/io/FileNotFoundException'{0x00000000d5950c90}> (0x00000000d5950c90) 
thrown [s\src\hotspot\share\prims\jni.cpp, line 520]
Event: 30.484 Thread 0x000001d1674803e0 Exception <a 'java/io/FileNotFoundException'{0x00000000d59581e8}> (0x00000000d59581e8) 
thrown [s\src\hotspot\share\prims\jni.cpp, line 520]
Event: 31.092 Thread 0x000001d1674803e0 Exception <a 'java/lang/NoSuchMethodError'{0x00000000d5bf8a00}: 'java.lang.Object java.lang.invoke.DirectMethodHandle$Holder.newInvokeSpecial(java.lang.Object, java.lang.Object, java.lang.Object, java.lang.Object, java.lang.Object)'> (0x00000000d5bf8a00) 
thrown [s\src\hotspot\share\interpreter\linkResolver.cpp, line 773]
Event: 31.425 Thread 0x000001d1674803e0 Exception <a 'java/lang/NoSuchMethodError'{0x00000000d5d9bef8}: 'java.lang.Object java.lang.invoke.DirectMethodHandle$Holder.invokeStaticInit(java.lang.Object, int)'> (0x00000000d5d9bef8) 
thrown [s\src\hotspot\share\interpreter\linkResolver.cpp, line 773]
Event: 31.677 Thread 0x000001d1674803e0 Exception <a 'java/lang/NoSuchMethodError'{0x00000000d6066c70}: 'java.lang.Object java.lang.invoke.DirectMethodHandle$Holder.invokeStaticInit(java.lang.Object, int, int, int, int)'> (0x00000000d6066c70) 
thrown [s\src\hotspot\share\interpreter\linkResolver.cpp, line 773]
Event: 32.148 Thread 0x000001d1674803e0 Exception <a 'java/lang/NoSuchMethodError'{0x00000000d618fa48}: 'java.lang.Object java.lang.invoke.DirectMethodHandle$Holder.invokeStaticInit(java.lang.Object, java.lang.Object, int, int, int, int)'> (0x00000000d618fa48) 
thrown [s\src\hotspot\share\interpreter\linkResolver.cpp, line 773]
Event: 32.408 Thread 0x000001d1674803e0 Exception <a 'java/lang/NoSuchMethodError'{0x00000000d62a8c68}: 'void java.lang.invoke.DirectMethodHandle$Holder.invokeSpecial(java.lang.Object, java.lang.Object, java.lang.Object, int)'> (0x00000000d62a8c68) 
thrown [s\src\hotspot\share\interpreter\linkResolver.cpp, line 773]
Event: 32.410 Thread 0x000001d1674803e0 Exception <a 'java/lang/NoSuchMethodError'{0x00000000d62ac5f8}: 'void java.lang.invoke.DelegatingMethodHandle$Holder.reinvoke_L(java.lang.Object, java.lang.Object, int)'> (0x00000000d62ac5f8) 
thrown [s\src\hotspot\share\interpreter\linkResolver.cpp, line 773]
Event: 32.411 Thread 0x000001d1674803e0 Exception <a 'java/lang/NoSuchMethodError'{0x00000000d62b32e0}: 'int java.lang.invoke.Invokers$Holder.invokeExact_MT(java.lang.Object, java.lang.Object, java.lang.Object)'> (0x00000000d62b32e0) 
thrown [s\src\hotspot\share\interpreter\linkResolver.cpp, line 773]
Event: 32.485 Thread 0x000001d1674803e0 Exception <a 'java/lang/NoSuchMethodError'{0x00000000d63bfa48}: 'void java.lang.invoke.Invokers$Holder.invokeExact_MT(java.lang.Object, java.lang.Object, int, java.lang.Object)'> (0x00000000d63bfa48) 
thrown [s\src\hotspot\share\interpreter\linkResolver.cpp, line 773]

ZGC Phase Switch (0 events):
No events

VM Operations (20 events):
Event: 27.286 Executing VM operation: HandshakeAllThreads (Deoptimize)
Event: 27.286 Executing VM operation: HandshakeAllThreads (Deoptimize) done
Event: 28.286 Executing VM operation: Cleanup
Event: 28.290 Executing VM operation: Cleanup done
Event: 29.291 Executing VM operation: Cleanup
Event: 29.295 Executing VM operation: Cleanup done
Event: 29.347 Executing VM operation: HandshakeAllThreads (Deoptimize)
Event: 29.347 Executing VM operation: HandshakeAllThreads (Deoptimize) done
Event: 30.106 Executing VM operation: ParallelGCFailedAllocation (Allocation Failure)
Event: 30.114 Executing VM operation: ParallelGCFailedAllocation (Allocation Failure) done
Event: 30.339 Executing VM operation: HandshakeAllThreads (Deoptimize)
Event: 30.339 Executing VM operation: HandshakeAllThreads (Deoptimize) done
Event: 30.367 Executing VM operation: HandshakeAllThreads (Deoptimize)
Event: 30.367 Executing VM operation: HandshakeAllThreads (Deoptimize) done
Event: 30.449 Executing VM operation: HandshakeAllThreads (Deoptimize)
Event: 30.449 Executing VM operation: HandshakeAllThreads (Deoptimize) done
Event: 31.449 Executing VM operation: Cleanup
Event: 31.449 Executing VM operation: Cleanup done
Event: 32.382 Executing VM operation: HandshakeAllThreads (Deoptimize)
Event: 32.383 Executing VM operation: HandshakeAllThreads (Deoptimize) done

Memory protections (0 events):
No events

Nmethod flushes (0 events):
No events

Events (20 events):
Event: 1.592 Thread 0x000001d160ed81b0 Thread added: 0x000001d162a76de0
Event: 2.668 Thread 0x000001d162a76de0 Thread exited: 0x000001d162a76de0
Event: 4.644 Thread 0x000001d160ed81b0 Thread added: 0x000001d167090b90
Event: 4.648 Thread 0x000001d167090b90 Thread added: 0x000001d1675e2e10
Event: 4.927 Thread 0x000001d1675e2e10 Thread exited: 0x000001d1675e2e10
Event: 4.977 Thread 0x000001d167090b90 Thread exited: 0x000001d167090b90
Event: 5.124 Thread 0x000001d160ed81b0 Thread added: 0x000001d167552350
Event: 5.295 Thread 0x000001d167552350 Thread exited: 0x000001d167552350
Event: 5.388 Thread 0x000001d14a42f8e0 Thread added: 0x000001d167552350
Event: 26.487 Thread 0x000001d14a42f8e0 Thread added: 0x000001d16747fd80
Event: 26.507 Thread 0x000001d14a42f8e0 Thread added: 0x000001d1674803e0
Event: 27.252 Thread 0x000001d1674803e0 Thread added: 0x000001d1627d4ef0
Event: 27.886 Thread 0x000001d160ed81b0 Thread added: 0x000001d1675a57e0
Event: 27.886 Thread 0x000001d160ed81b0 Thread added: 0x000001d162868ed0
Event: 28.057 Thread 0x000001d162868ed0 Thread exited: 0x000001d162868ed0
Event: 28.095 Thread 0x000001d1675a57e0 Thread exited: 0x000001d1675a57e0
Event: 29.506 Thread 0x000001d1674803e0 Thread added: 0x000001d16792ae90
Event: 30.484 Thread 0x000001d160ed81b0 Thread added: 0x000001d167685370
Event: 30.813 Thread 0x000001d167685370 Thread exited: 0x000001d167685370
Event: 32.434 Thread 0x000001d1674803e0 Thread added: 0x000001d16740b8c0


Dynamic libraries:
0x00007ff7e0d80000 - 0x00007ff7e0d8e000 	c:\Users\loza\.vscode\extensions\redhat.java-1.50.0-win32-x64\jre\21.0.9-win32-x86_64\bin\java.exe
0x00007fff93b00000 - 0x00007fff93d68000 	C:\WINDOWS\SYSTEM32\ntdll.dll
0x00007fff93150000 - 0x00007fff93219000 	C:\WINDOWS\System32\KERNEL32.DLL
0x00007fff911c0000 - 0x00007fff915b8000 	C:\WINDOWS\System32\KERNELBASE.dll
0x00007fff90ce0000 - 0x00007fff90e2b000 	C:\WINDOWS\System32\ucrtbase.dll
0x00007fff501b0000 - 0x00007fff501c8000 	c:\Users\loza\.vscode\extensions\redhat.java-1.50.0-win32-x64\jre\21.0.9-win32-x86_64\bin\jli.dll
0x00007fff50f00000 - 0x00007fff50f1e000 	c:\Users\loza\.vscode\extensions\redhat.java-1.50.0-win32-x64\jre\21.0.9-win32-x86_64\bin\VCRUNTIME140.dll
0x00007fff918f0000 - 0x00007fff91ab7000 	C:\WINDOWS\System32\USER32.dll
0x00007fff91060000 - 0x00007fff91087000 	C:\WINDOWS\System32\win32u.dll
0x00007fff93a20000 - 0x00007fff93a4b000 	C:\WINDOWS\System32\GDI32.dll
0x00007fff764f0000 - 0x00007fff76784000 	C:\WINDOWS\WinSxS\amd64_microsoft.windows.common-controls_6595b64144ccf1df_6.0.26100.7019_none_3e06ffa0e335b8a8\COMCTL32.dll
0x00007fff91090000 - 0x00007fff911bc000 	C:\WINDOWS\System32\gdi32full.dll
0x00007fff91ce0000 - 0x00007fff91d89000 	C:\WINDOWS\System32\msvcrt.dll
0x00007fff90fb0000 - 0x00007fff91053000 	C:\WINDOWS\System32\msvcp_win.dll
0x00007fff92370000 - 0x00007fff923a1000 	C:\WINDOWS\System32\IMM32.DLL
0x00007fff5b7f0000 - 0x00007fff5b7fc000 	c:\Users\loza\.vscode\extensions\redhat.java-1.50.0-win32-x64\jre\21.0.9-win32-x86_64\bin\vcruntime140_1.dll
0x00007fff17860000 - 0x00007fff178ed000 	c:\Users\loza\.vscode\extensions\redhat.java-1.50.0-win32-x64\jre\21.0.9-win32-x86_64\bin\msvcp140.dll
0x00007ffecdc50000 - 0x00007ffece9f0000 	c:\Users\loza\.vscode\extensions\redhat.java-1.50.0-win32-x64\jre\21.0.9-win32-x86_64\bin\server\jvm.dll
0x00007fff932a0000 - 0x00007fff93354000 	C:\WINDOWS\System32\ADVAPI32.dll
0x00007fff923d0000 - 0x00007fff92476000 	C:\WINDOWS\System32\sechost.dll
0x00007fff93900000 - 0x00007fff93a18000 	C:\WINDOWS\System32\RPCRT4.dll
0x00007fff92150000 - 0x00007fff921c4000 	C:\WINDOWS\System32\WS2_32.dll
0x00007fff90ab0000 - 0x00007fff90b0e000 	C:\WINDOWS\SYSTEM32\POWRPROF.dll
0x00007fff77920000 - 0x00007fff77955000 	C:\WINDOWS\SYSTEM32\WINMM.dll
0x00007fff80360000 - 0x00007fff8036b000 	C:\WINDOWS\SYSTEM32\VERSION.dll
0x00007fff90a90000 - 0x00007fff90aa4000 	C:\WINDOWS\SYSTEM32\UMPDC.dll
0x00007fff8f9d0000 - 0x00007fff8f9eb000 	C:\WINDOWS\SYSTEM32\kernel.appcore.dll
0x00007fff5aab0000 - 0x00007fff5aaba000 	c:\Users\loza\.vscode\extensions\redhat.java-1.50.0-win32-x64\jre\21.0.9-win32-x86_64\bin\jimage.dll
0x00007fff8e190000 - 0x00007fff8e3d2000 	C:\WINDOWS\SYSTEM32\DBGHELP.DLL
0x00007fff93360000 - 0x00007fff936eb000 	C:\WINDOWS\System32\combase.dll
0x00007fff92910000 - 0x00007fff929e7000 	C:\WINDOWS\System32\OLEAUT32.dll
0x00007fff7b520000 - 0x00007fff7b55c000 	C:\WINDOWS\SYSTEM32\dbgcore.DLL
0x00007fff915c0000 - 0x00007fff91665000 	C:\WINDOWS\System32\bcryptPrimitives.dll
0x00007fff70ee0000 - 0x00007fff70eef000 	c:\Users\loza\.vscode\extensions\redhat.java-1.50.0-win32-x64\jre\21.0.9-win32-x86_64\bin\instrument.dll
0x00007fff36030000 - 0x00007fff36050000 	c:\Users\loza\.vscode\extensions\redhat.java-1.50.0-win32-x64\jre\21.0.9-win32-x86_64\bin\java.dll
0x00007fff929f0000 - 0x00007fff9313f000 	C:\WINDOWS\System32\SHELL32.dll
0x00007fff91670000 - 0x00007fff917db000 	C:\WINDOWS\System32\wintypes.dll
0x00007fff8e850000 - 0x00007fff8f0ad000 	C:\WINDOWS\SYSTEM32\windows.storage.dll
0x00007fff91ad0000 - 0x00007fff91bc2000 	C:\WINDOWS\System32\SHCORE.dll
0x00007fff93a50000 - 0x00007fff93ab7000 	C:\WINDOWS\System32\shlwapi.dll
0x00007fff90b70000 - 0x00007fff90b99000 	C:\WINDOWS\SYSTEM32\profapi.dll
0x00007fff1c100000 - 0x00007fff1c118000 	c:\Users\loza\.vscode\extensions\redhat.java-1.50.0-win32-x64\jre\21.0.9-win32-x86_64\bin\zip.dll
0x00007fff57220000 - 0x00007fff57230000 	C:\Users\loza\.vscode\extensions\redhat.java-1.50.0-win32-x64\jre\21.0.9-win32-x86_64\bin\net.dll
0x00007fff7fbc0000 - 0x00007fff7fce8000 	C:\WINDOWS\SYSTEM32\WINHTTP.dll
0x00007fff8ff20000 - 0x00007fff8ff8b000 	C:\WINDOWS\system32\mswsock.dll
0x00007fff24f30000 - 0x00007fff24f46000 	C:\Users\loza\.vscode\extensions\redhat.java-1.50.0-win32-x64\jre\21.0.9-win32-x86_64\bin\nio.dll
0x00007fff6ab00000 - 0x00007fff6ab10000 	c:\Users\loza\.vscode\extensions\redhat.java-1.50.0-win32-x64\jre\21.0.9-win32-x86_64\bin\verify.dll
0x00007fff1b5a0000 - 0x00007fff1b5e4000 	C:\Users\loza\AppData\Roaming\Code\User\globalStorage\redhat.java\1.50.0\config_ss_win\org.eclipse.equinox.launcher\org.eclipse.equinox.launcher.win32.win32.x86_64_1.2.1400.v20250801-0854\eclipse_11916.dll
0x00007fff921d0000 - 0x00007fff92367000 	C:\WINDOWS\System32\ole32.dll
0x00007fff90310000 - 0x00007fff9032b000 	C:\WINDOWS\SYSTEM32\CRYPTSP.dll
0x00007fff8f930000 - 0x00007fff8f96a000 	C:\WINDOWS\system32\rsaenh.dll
0x00007fff8ffd0000 - 0x00007fff8fffb000 	C:\WINDOWS\SYSTEM32\USERENV.dll
0x00007fff90b40000 - 0x00007fff90b6a000 	C:\WINDOWS\SYSTEM32\bcrypt.dll
0x00007fff90170000 - 0x00007fff9017c000 	C:\WINDOWS\SYSTEM32\CRYPTBASE.dll
0x00007fff8f3c0000 - 0x00007fff8f3f4000 	C:\WINDOWS\SYSTEM32\IPHLPAPI.DLL
0x00007fff938f0000 - 0x00007fff938fa000 	C:\WINDOWS\System32\NSI.dll
0x00007fff148e0000 - 0x00007fff14929000 	C:\Users\loza\AppData\Local\Temp\jna-3327978\jna17660784073265269564.dll
0x00007fff923c0000 - 0x00007fff923c8000 	C:\WINDOWS\System32\PSAPI.DLL

JVMTI agents:
c:\Users\loza\.vscode\extensions\redhat.java-1.50.0-win32-x64\lombok\lombok-1.18.39-4050.jar path:c:\Users\loza\.vscode\extensions\redhat.java-1.50.0-win32-x64\jre\21.0.9-win32-x86_64\bin\instrument.dll, loaded, initialized, instrumentlib options:none

dbghelp: loaded successfully - version: 4.0.5 - missing functions: none
symbol engine: initialized successfully - sym options: 0x614 - pdb path: .;c:\Users\loza\.vscode\extensions\redhat.java-1.50.0-win32-x64\jre\21.0.9-win32-x86_64\bin;C:\WINDOWS\SYSTEM32;C:\WINDOWS\WinSxS\amd64_microsoft.windows.common-controls_6595b64144ccf1df_6.0.26100.7019_none_3e06ffa0e335b8a8;c:\Users\loza\.vscode\extensions\redhat.java-1.50.0-win32-x64\jre\21.0.9-win32-x86_64\bin\server;C:\Users\loza\AppData\Roaming\Code\User\globalStorage\redhat.java\1.50.0\config_ss_win\org.eclipse.equinox.launcher\org.eclipse.equinox.launcher.win32.win32.x86_64_1.2.1400.v20250801-0854;C:\Users\loza\AppData\Local\Temp\jna-3327978

VM Arguments:
jvm_args: --add-modules=ALL-SYSTEM --add-opens=java.base/java.util=ALL-UNNAMED --add-opens=java.base/java.lang=ALL-UNNAMED --add-opens=java.base/sun.nio.fs=ALL-UNNAMED -Declipse.application=org.eclipse.jdt.ls.core.id1 -Dosgi.bundles.defaultStartLevel=4 -Declipse.product=org.eclipse.jdt.ls.core.product -Djava.import.generatesMetadataFilesAtProjectRoot=false -DDetectVMInstallationsJob.disabled=true -Dfile.encoding=utf8 -XX:+UseParallelGC -XX:GCTimeRatio=4 -XX:AdaptiveSizePolicyWeight=90 -Dsun.zip.disableMemoryMapping=true -Xmx2G -Xms100m -Xlog:disable -javaagent:c:\Users\loza\.vscode\extensions\redhat.java-1.50.0-win32-x64\lombok\lombok-1.18.39-4050.jar 
java_command: c:\Users\loza\.vscode\extensions\redhat.java-1.50.0-win32-x64\server\plugins\org.eclipse.equinox.launcher_1.7.100.v20251111-0406.jar -configuration c:\Users\loza\AppData\Roaming\Code\User\globalStorage\redhat.java\1.50.0\config_ss_win -data c:\Users\loza\AppData\Roaming\Code\User\workspaceStorage\3637fff4ba3b7a94341d335a16c2c5cf\redhat.java\ss_ws --pipe=\\.\pipe\lsp-7b4765bc0d8b23ac3cfabe475456a9b1-sock
java_class_path (initial): c:\Users\loza\.vscode\extensions\redhat.java-1.50.0-win32-x64\server\plugins\org.eclipse.equinox.launcher_1.7.100.v20251111-0406.jar
Launcher Type: SUN_STANDARD

[Global flags]
    uintx AdaptiveSizePolicyWeight                 = 90                                        {product} {command line}
     intx CICompilerCount                          = 4                                         {product} {ergonomic}
    uintx GCTimeRatio                              = 4                                         {product} {command line}
   size_t InitialHeapSize                          = 104857600                                 {product} {command line}
   size_t MaxHeapSize                              = 2147483648                                {product} {command line}
   size_t MaxNewSize                               = 715653120                                 {product} {ergonomic}
   size_t MinHeapDeltaBytes                        = 524288                                    {product} {ergonomic}
   size_t MinHeapSize                              = 104857600                                 {product} {command line}
   size_t NewSize                                  = 34603008                                  {product} {ergonomic}
    uintx NonNMethodCodeHeapSize                   = 5839372                                {pd product} {ergonomic}
    uintx NonProfiledCodeHeapSize                  = 122909434                              {pd product} {ergonomic}
   size_t OldSize                                  = 70254592                                  {product} {ergonomic}
    uintx ProfiledCodeHeapSize                     = 122909434                              {pd product} {ergonomic}
    uintx ReservedCodeCacheSize                    = 251658240                              {pd product} {ergonomic}
     bool SegmentedCodeCache                       = true                                      {product} {ergonomic}
   size_t SoftMaxHeapSize                          = 2147483648                             {manageable} {ergonomic}
     bool UseCompressedOops                        = true                           {product lp64_product} {ergonomic}
     bool UseLargePagesIndividualAllocation        = false                                  {pd product} {ergonomic}
     bool UseParallelGC                            = true                                      {product} {command line}

Logging:
Log output configuration:
 #0: stdout all=off uptime,level,tags foldmultilines=false
 #1: stderr all=off uptime,level,tags foldmultilines=false

Release file:
JAVA_VERSION="21.0.9" 
MODULES="java.base java.compiler java.datatransfer java.xml java.prefs java.desktop java.instrument java.logging java.management java.security.sasl java.naming java.rmi java.management.rmi java.net.http java.scripting java.security.jgss java.transaction.xa java.sql java.sql.rowset java.xml.crypto java.se java.smartcardio jdk.accessibility jdk.internal.jvmstat jdk.attach jdk.charsets jdk.internal.opt jdk.zipfs jdk.compiler jdk.crypto.ec jdk.crypto.cryptoki jdk.crypto.mscapi jdk.dynalink jdk.internal.ed jdk.editpad jdk.hotspot.agent jdk.httpserver jdk.internal.le jdk.internal.vm.ci jdk.internal.vm.compiler jdk.internal.vm.compiler.management jdk.jartool jdk.javadoc jdk.jcmd jdk.management jdk.management.agent jdk.jconsole jdk.jdeps jdk.jdwp.agent jdk.jdi jdk.jfr jdk.jshell jdk.jsobject jdk.jstatd jdk.localedata jdk.management.jfr jdk.naming.dns jdk.naming.rmi jdk.net jdk.nio.mapmode jdk.random jdk.sctp jdk.security.auth jdk.security.jgss jdk.unsupported jdk.unsupported.desktop jdk.xml.dom" 

Environment Variables:
JAVA_HOME=C:\Program Files\Java\jdk-17
PATH=C:\Program Files\Common Files\Oracle\Java\javapath;C:\WINDOWS\system32;C:\WINDOWS;C:\WINDOWS\System32\Wbem;C:\WINDOWS\System32\WindowsPowerShell\v1.0\;C:\WINDOWS\System32\OpenSSH\;C:\Program Files\Java\jdk-20\bin;C:\Program Files\Git\cmd;C:\Program Files\MySQL\MySQL Server 8.2\bin;c:\xampp\php;C:\ProgramData\ComposerSetup\bin;C:\ProgramData\chocolatey\bin;C:\Program Files\MongoDB\mongo\mongosh\bin;C:\Program Files\MongoDB\Server\7.0\bin;C:\Users\loza\miniconda3;C:\Program Files\Microsoft SQL Server\150\Tools\Binn\;C:\Program Files\dotnet\;C:\Program Files\Microsoft SQL Server\Client SDK\ODBC\170\Tools\Binn\;C:\Program Files (x86)\Microsoft SQL Server\160\Tools\Binn\;C:\Program Files\Microsoft SQL Server\160\Tools\Binn\;C:\Program Files\Microsoft SQL Server\160\DTS\Binn\;C:\Program Files (x86)\Microsoft SQL Server\160\DTS\Binn\;C:\xampp\mysql\bin;C:\Program Files\OpenSSL-Win64\bin;C:\Gradle\gradle-7.3.3\bin;C:\Users\loza\AppData\Local\nvm;C:\nvm4w\nodejs;C:\wamp64\bin\php\php8.2.13\;C:\Users\loza\AppData\Local\Android\Sdk\platform-tools;C:\Users\loza\.console-ninja\.bin;C:\Users\loza\AppData\Local\Programs\Python\Python312\Scripts\;C:\Users\loza\AppData\Local\Programs\Python\Python312\;C:\Program Files\MySQL\MySQL Shell 8.0\bin\;C:\Users\loza\AppData\Local\Microsoft\WindowsApps;C:\Users\loza\AppData\Local\Programs\Microsoft VS Code\bin;C:\Program Files\JetBrains\IntelliJ IDEA 2023.2.2\bin;C:\Users\loza\AppData\Local\GitHubDesktop\bin;C:\Program Files\JetBrains\IntelliJ IDEA Community Edition 2023.1.1\bin;C:\Users\loza\AppData\Roaming\Composer\vendor\bin;C:\Users\loza\AppData\Roaming\npm;C:\Users\loza\Desktop\php-8.3.2-src;C:\Program Files\JetBrains\PyCharm Community Edition 2023.3.5\bin;C:\Users\loza\.dotnet\tools;C:\flutter\bin;C:\Users\loza\AppData\Local\Pub\Cache\bin;C:\Users\loza\.pub-cache\bin;C:\Users\loza\AppData\Local\Microsoft\WindowsApps;C:\Users\loza\AppData\Local\nvm;C:\nvm4w\nodejs;C:\Users\loza\AppData\Local\nvm
USERNAME=loza
OS=Windows_NT
PROCESSOR_IDENTIFIER=Intel64 Family 6 Model 142 Stepping 10, GenuineIntel
TMP=C:\Users\loza\AppData\Local\Temp
TEMP=C:\Users\loza\AppData\Local\Temp




Periodic native trim disabled

---------------  S Y S T E M  ---------------

OS:
 Windows 11 , 64 bit Build 26100 (10.0.26100.7019)
OS uptime: 0 days 5:49 hours
Hyper-V role detected

CPU: total 8 (initial active 8) (4 cores per cpu, 2 threads per core) family 6 model 142 stepping 10 microcode 0xf6, cx8, cmov, fxsr, ht, mmx, 3dnowpref, sse, sse2, sse3, ssse3, sse4.1, sse4.2, popcnt, lzcnt, tsc, tscinvbit, avx, avx2, aes, erms, clmul, bmi1, bmi2, rtm, adx, fma, vzeroupper, clflush, clflushopt, hv, rdtscp, f16c
Processor Information for the first 8 processors :
  Max Mhz: 2112, Current Mhz: 1910, Mhz Limit: 1900

Memory: 4k page, system-wide physical 15747M (496M free)
TotalPageFile size 26439M (AvailPageFile size 1M)
current process WorkingSet (physical memory assigned to process): 110M, peak: 110M
current process commit charge ("private bytes"): 251M, peak: 252M

vm_info: OpenJDK 64-Bit Server VM (21.0.9+10-LTS) for windows-amd64 JRE (21.0.9+10-LTS), built on 2025-10-21T00:00:00Z by "admin" with unknown MS VC++:1942

END.
